0 info it worked if it ends with ok
1 verbose cli [ 'node', '/usr/local/bin/npm', 'install', '-g', 'ios-deploy' ]
2 info using npm@1.4.28
3 info using node@v0.10.33
4 verbose cache add [ 'ios-deploy', null ]
5 verbose cache add name=undefined spec="ios-deploy" args=["ios-deploy",null]
6 verbose parsed url { protocol: null,
6 verbose parsed url   slashes: null,
6 verbose parsed url   auth: null,
6 verbose parsed url   host: null,
6 verbose parsed url   port: null,
6 verbose parsed url   hostname: null,
6 verbose parsed url   hash: null,
6 verbose parsed url   search: null,
6 verbose parsed url   query: null,
6 verbose parsed url   pathname: 'ios-deploy',
6 verbose parsed url   path: 'ios-deploy',
6 verbose parsed url   href: 'ios-deploy' }
7 silly lockFile 69149c11-ios-deploy ios-deploy
8 verbose lock ios-deploy /Users/Frederick/.npm/69149c11-ios-deploy.lock
9 silly lockFile 69149c11-ios-deploy ios-deploy
10 silly lockFile 69149c11-ios-deploy ios-deploy
11 verbose addNamed [ 'ios-deploy', '' ]
12 verbose addNamed [ null, '*' ]
13 silly lockFile 9c508a6b-ios-deploy ios-deploy@
14 verbose lock ios-deploy@ /Users/Frederick/.npm/9c508a6b-ios-deploy.lock
15 silly addNameRange { name: 'ios-deploy', range: '*', hasData: false }
16 verbose request where is /ios-deploy
17 verbose request registry https://registry.npmjs.org/
18 verbose request id 9e69d84b8890b612
19 verbose url raw /ios-deploy
20 verbose url resolving [ 'https://registry.npmjs.org/', './ios-deploy' ]
21 verbose url resolved https://registry.npmjs.org/ios-deploy
22 verbose request where is https://registry.npmjs.org/ios-deploy
23 info trying registry request attempt 1 at 14:55:26
24 http GET https://registry.npmjs.org/ios-deploy
25 info retry will retry, error on last attempt: Error: getaddrinfo ENOTFOUND
26 info trying registry request attempt 2 at 14:55:37
27 http GET https://registry.npmjs.org/ios-deploy
28 info retry will retry, error on last attempt: Error: getaddrinfo ENOTFOUND
29 info trying registry request attempt 3 at 14:56:37
30 http GET https://registry.npmjs.org/ios-deploy
31 silly lockFile 9c508a6b-ios-deploy ios-deploy@
32 silly lockFile 9c508a6b-ios-deploy ios-deploy@
33 error network getaddrinfo ENOTFOUND
33 error network This is most likely not a problem with npm itself
33 error network and is related to network connectivity.
33 error network In most cases you are behind a proxy or have bad network settings.
33 error network
33 error network If you are behind a proxy, please make sure that the
33 error network 'proxy' config is set properly.  See: 'npm help config'
34 error System Darwin 14.4.0
35 error command "node" "/usr/local/bin/npm" "install" "-g" "ios-deploy"
36 error cwd /Users/Frederick/help
37 error node -v v0.10.33
38 error npm -v 1.4.28
39 error syscall getaddrinfo
40 error code ENOTFOUND
41 error errno ENOTFOUND
42 verbose exit [ 1, true ]
